<?xml version="1.0" encoding="UTF-8"?>
<!-- Generated by org.testng.reporters.JUnitReportReporter -->
<testsuite skipped="0" hostname="hiteshs-MacBook-Pro.local" name="desktopapp.BuildboxProject" tests="4" failures="0" timestamp="05 Feb 2018 13:01:07 GMT" time="58.744" errors="0">
  <testcase name="launch_application" time="9.181" classname="desktopapp.BuildboxProject"/>
  <testcase name="max_min_app" time="6.078" classname="desktopapp.BuildboxProject"/>
  <testcase name="welc_screen_verify" time="2.803" classname="desktopapp.BuildboxProject"/>
  <testcase name="clickable_link" time="40.682" classname="desktopapp.BuildboxProject"/>
</testsuite> <!-- desktopapp.BuildboxProject -->
