<?xml version="1.0" encoding="UTF-8"?>
<!-- Generated by org.testng.reporters.JUnitReportReporter -->
<testsuite skipped="0" hostname="hiteshs-MacBook-Pro.local" name="desktopapp.Our_New_Game_Screen" tests="2" failures="0" timestamp="07 Feb 2018 13:28:08 GMT" time="32.596" errors="0">
  <testcase name="create_gmae" time="1.824" classname="desktopapp.Our_New_Game_Screen"/>
  <testcase name="OurGmae_screen_element" time="30.772" classname="desktopapp.Our_New_Game_Screen"/>
</testsuite> <!-- desktopapp.Our_New_Game_Screen -->
