<?xml version="1.0" encoding="UTF-8"?>
<!-- Generated by org.testng.reporters.JUnitReportReporter -->
<testsuite skipped="0" hostname="hiteshs-MacBook-Pro.local" name="desktopapp.Our_New_Game_Screen" tests="3" failures="0" timestamp="14 Feb 2018 09:54:52 GMT" time="30.698" errors="0">
  <testcase name="create_gmae" time="1.804" classname="desktopapp.Our_New_Game_Screen"/>
  <testcase name="OurGmae_screen_element" time="19.992" classname="desktopapp.Our_New_Game_Screen"/>
  <testcase name="Objects_screen_element" time="8.902" classname="desktopapp.Our_New_Game_Screen"/>
</testsuite> <!-- desktopapp.Our_New_Game_Screen -->
