<?xml version="1.0" encoding="UTF-8"?>
<!-- Generated by org.testng.reporters.JUnitReportReporter -->
<testsuite skipped="0" hostname="hiteshs-MacBook-Pro.local" name="desktopapp.WelcomeScreen" tests="3" failures="0" timestamp="07 Feb 2018 13:28:08 GMT" time="79.844" errors="0">
  <testcase name="runApp" time="8.180" classname="desktopapp.WelcomeScreen"/>
  <testcase name="welc_screen_verify" time="5.319" classname="desktopapp.WelcomeScreen"/>
  <testcase name="clickable_link" time="66.345" classname="desktopapp.WelcomeScreen"/>
</testsuite> <!-- desktopapp.WelcomeScreen -->
