<?xml version="1.0" encoding="UTF-8"?>
<!-- Generated by org.testng.reporters.JUnitReportReporter -->
<testsuite skipped="0" hostname="hiteshs-MacBook-Pro.local" name="desktopapp.CreatorScreen" tests="5" failures="0" timestamp="14 Feb 2018 09:54:52 GMT" time="40.403" errors="0">
  <testcase name="creator_New_Game_Name" time="10.414" classname="desktopapp.CreatorScreen"/>
  <testcase name="verify_Game_type" time="1.520" classname="desktopapp.CreatorScreen"/>
  <testcase name="verify_drop_down_basis_section" time="11.360" classname="desktopapp.CreatorScreen"/>
  <testcase name="word_settins_drop_down" time="13.813" classname="desktopapp.CreatorScreen"/>
  <testcase name="menu_setting" time="3.296" classname="desktopapp.CreatorScreen"/>
</testsuite> <!-- desktopapp.CreatorScreen -->
