<?xml version="1.0" encoding="UTF-8"?>
<!-- Generated by org.testng.reporters.JUnitReportReporter -->
<testsuite skipped="0" hostname="hiteshs-MacBook-Pro.local" name="desktopapp.CreatorScreen" tests="5" failures="0" timestamp="07 Feb 2018 13:28:08 GMT" time="67.029" errors="0">
  <testcase name="creator_New_Game_Name" time="11.129" classname="desktopapp.CreatorScreen"/>
  <testcase name="verify_Game_type" time="15.189" classname="desktopapp.CreatorScreen"/>
  <testcase name="verify_drop_down_basis_section" time="11.505" classname="desktopapp.CreatorScreen"/>
  <testcase name="word_settins_drop_down" time="25.931" classname="desktopapp.CreatorScreen"/>
  <testcase name="menu_setting" time="3.275" classname="desktopapp.CreatorScreen"/>
</testsuite> <!-- desktopapp.CreatorScreen -->
