<?xml version="1.0" encoding="UTF-8"?>
<!-- Generated by org.testng.reporters.JUnitReportReporter -->
<testsuite skipped="0" hostname="hiteshs-MacBook-Pro.local" name="desktopapp.WelcomeScreen" tests="3" failures="0" timestamp="14 Feb 2018 09:54:52 GMT" time="59.287" errors="0">
  <testcase name="runApp" time="8.105" classname="desktopapp.WelcomeScreen"/>
  <testcase name="welc_screen_verify" time="3.811" classname="desktopapp.WelcomeScreen"/>
  <testcase name="clickable_link" time="47.371" classname="desktopapp.WelcomeScreen"/>
</testsuite> <!-- desktopapp.WelcomeScreen -->
