<?xml version="1.0" encoding="UTF-8"?>
<!-- Generated by org.testng.reporters.JUnitReportReporter -->
<testsuite skipped="0" hostname="hiteshs-MacBook-Pro.local" name="desktopapp.BuildboxProject" tests="6" failures="0" timestamp="07 Feb 2018 09:31:22 GMT" time="58.181" errors="0">
  <testcase name="launch_application" time="9.109" classname="desktopapp.BuildboxProject"/>
  <testcase name="creator_New_Game_Name" time="5.787" classname="desktopapp.BuildboxProject"/>
  <testcase name="verify_Game_type" time="14.966" classname="desktopapp.BuildboxProject"/>
  <testcase name="menu_setting" time="3.635" classname="desktopapp.BuildboxProject"/>
  <testcase name="create_gmae" time="1.798" classname="desktopapp.BuildboxProject"/>
  <testcase name="OurGmae_screen_element" time="22.886" classname="desktopapp.BuildboxProject"/>
</testsuite> <!-- desktopapp.BuildboxProject -->
